0 info it worked if it ends with ok
1 verbose cli [ 'C:\\Program Files\\nodejs\\\\node.exe',
1 verbose cli   'C:\\Program Files\\nodejs\\node_modules\\npm\\bin\\npm-cli.js',
1 verbose cli   'install',
1 verbose cli   'karma-htlm2js-preprocessor',
1 verbose cli   '--save-dev' ]
2 info using npm@1.4.28
3 info using node@v0.10.33
4 verbose node symlink C:\Program Files\nodejs\\node.exe
5 warn package.json statsmobile@1.0.0 No repository field.
6 warn package.json statsmobile@1.0.0 No README data
7 warn package.json karma-chrome-launcher@0.1.7 No README data
8 verbose readDependencies using package.json deps
9 verbose cache add [ 'karma-htlm2js-preprocessor', null ]
10 verbose cache add name=undefined spec="karma-htlm2js-preprocessor" args=["karma-htlm2js-preprocessor",null]
11 verbose parsed url { protocol: null,
11 verbose parsed url   slashes: null,
11 verbose parsed url   auth: null,
11 verbose parsed url   host: null,
11 verbose parsed url   port: null,
11 verbose parsed url   hostname: null,
11 verbose parsed url   hash: null,
11 verbose parsed url   search: null,
11 verbose parsed url   query: null,
11 verbose parsed url   pathname: 'karma-htlm2js-preprocessor',
11 verbose parsed url   path: 'karma-htlm2js-preprocessor',
11 verbose parsed url   href: 'karma-htlm2js-preprocessor' }
12 silly lockFile a5335f44-karma-htlm2js-preprocessor karma-htlm2js-preprocessor
13 verbose lock karma-htlm2js-preprocessor C:\Users\G517329\AppData\Roaming\npm-cache\a5335f44-karma-htlm2js-preprocessor.lock
14 silly lockFile a5335f44-karma-htlm2js-preprocessor karma-htlm2js-preprocessor
15 silly lockFile a5335f44-karma-htlm2js-preprocessor karma-htlm2js-preprocessor
16 verbose addNamed [ 'karma-htlm2js-preprocessor', '' ]
17 verbose addNamed [ null, '*' ]
18 silly lockFile 85d679e6-karma-htlm2js-preprocessor karma-htlm2js-preprocessor@
19 verbose lock karma-htlm2js-preprocessor@ C:\Users\G517329\AppData\Roaming\npm-cache\85d679e6-karma-htlm2js-preprocessor.lock
20 silly addNameRange { name: 'karma-htlm2js-preprocessor',
20 silly addNameRange   range: '*',
20 silly addNameRange   hasData: false }
21 verbose request where is /karma-htlm2js-preprocessor
22 verbose request registry https://registry.npmjs.org/
23 verbose request id 363e992930d19a91
24 verbose url raw /karma-htlm2js-preprocessor
25 verbose url resolving [ 'https://registry.npmjs.org/',
25 verbose url resolving   './karma-htlm2js-preprocessor' ]
26 verbose url resolved https://registry.npmjs.org/karma-htlm2js-preprocessor
27 verbose request where is https://registry.npmjs.org/karma-htlm2js-preprocessor
28 info trying registry request attempt 1 at 12:15:20
29 http GET https://registry.npmjs.org/karma-htlm2js-preprocessor
30 http 404 https://registry.npmjs.org/karma-htlm2js-preprocessor
31 verbose headers { date: 'Mon, 22 Dec 2014 18:15:20 GMT',
31 verbose headers   server: 'CouchDB/1.5.0 (Erlang OTP/R16B03)',
31 verbose headers   'content-type': 'application/json',
31 verbose headers   'cache-control': 'max-age=0',
31 verbose headers   'content-length': '52',
31 verbose headers   'accept-ranges': 'bytes',
31 verbose headers   via: '1.1 varnish',
31 verbose headers   age: '0',
31 verbose headers   'x-served-by': 'cache-dfw1829-DFW',
31 verbose headers   'x-cache': 'MISS',
31 verbose headers   'x-cache-hits': '0',
31 verbose headers   'x-timer': 'S1419272120.383115,VS0,VE190',
31 verbose headers   'keep-alive': 'timeout=10, max=50',
31 verbose headers   connection: 'Keep-Alive' }
32 silly registry.get cb [ 404,
32 silly registry.get   { date: 'Mon, 22 Dec 2014 18:15:20 GMT',
32 silly registry.get     server: 'CouchDB/1.5.0 (Erlang OTP/R16B03)',
32 silly registry.get     'content-type': 'application/json',
32 silly registry.get     'cache-control': 'max-age=0',
32 silly registry.get     'content-length': '52',
32 silly registry.get     'accept-ranges': 'bytes',
32 silly registry.get     via: '1.1 varnish',
32 silly registry.get     age: '0',
32 silly registry.get     'x-served-by': 'cache-dfw1829-DFW',
32 silly registry.get     'x-cache': 'MISS',
32 silly registry.get     'x-cache-hits': '0',
32 silly registry.get     'x-timer': 'S1419272120.383115,VS0,VE190',
32 silly registry.get     'keep-alive': 'timeout=10, max=50',
32 silly registry.get     connection: 'Keep-Alive' } ]
33 silly lockFile 85d679e6-karma-htlm2js-preprocessor karma-htlm2js-preprocessor@
34 silly lockFile 85d679e6-karma-htlm2js-preprocessor karma-htlm2js-preprocessor@
35 error 404 404 Not Found: karma-htlm2js-preprocessor
35 error 404
35 error 404 'karma-htlm2js-preprocessor' is not in the npm registry.
35 error 404 You should bug the author to publish it
35 error 404 It was specified as a dependency of 'statsmobile'
35 error 404
35 error 404 Note that you can also install from a
35 error 404 tarball, folder, or http url, or git url.
36 error System Windows_NT 6.1.7601
37 error command "C:\\Program Files\\nodejs\\\\node.exe" "C:\\Program Files\\nodejs\\node_modules\\npm\\bin\\npm-cli.js" "install" "karma-htlm2js-preprocessor" "--save-dev"
38 error cwd C:\Projects\StaTracker\StatsMobile
39 error node -v v0.10.33
40 error npm -v 1.4.28
41 error code E404
42 verbose exit [ 1, true ]
